[  3933.380] 
X.Org X Server 1.20.8
X Protocol Version 11, Revision 0
[  3933.383] Build Operating System: Linux 4.15.0-124-generic x86_64 Ubuntu
[  3933.385] Current Operating System: Linux preston-server 5.4.0-58-generic #64~18.04.1-Ubuntu SMP Wed Dec 9 17:11:11 UTC 2020 x86_64
[  3933.385] Kernel command line: BOOT_IMAGE=/boot/vmlinuz-5.4.0-58-generic root=UUID=7d50f824-9e9a-429d-855f-1a682103b70c ro quiet splash vt.handoff=1
[  3933.387] Build Date: 30 November 2020  05:59:23PM
[  3933.388] xorg-server-hwe-18.04 2:1.20.8-2ubuntu2.2~18.04.4 (For technical support please see http://www.ubuntu.com/support) 
[  3933.390] Current version of pixman: 0.34.0
[  3933.392] 	Before reporting problems, check http://wiki.x.org
	to make sure that you have the latest version.
[  3933.392] Markers: (--) probed, (**) from config file, (==) default setting,
	(++) from command line, (!!) notice, (II) informational,
	(WW) warning, (EE) error, (NI) not implemented, (??) unknown.
[  3933.397] (==) Log file: "/var/log/Xorg.1.log", Time: Fri Jan 15 19:32:22 2021
[  3933.399] (==) Using system config directory "/usr/share/X11/xorg.conf.d"
[  3933.399] (==) No Layout section.  Using the first Screen section.
[  3933.399] (==) No screen section available. Using defaults.
[  3933.399] (**) |-->Screen "Default Screen Section" (0)
[  3933.399] (**) |   |-->Monitor "<default monitor>"
[  3933.399] (==) No monitor specified for screen "Default Screen Section".
	Using a default monitor configuration.
[  3933.399] (==) Automatically adding devices
[  3933.399] (==) Automatically enabling devices
[  3933.399] (==) Automatically adding GPU devices
[  3933.399] (==) Automatically binding GPU devices
[  3933.399] (==) Max clients allowed: 256, resource mask: 0x1fffff
[  3933.399] (WW) The directory "/usr/share/fonts/X11/cyrillic" does not exist.
[  3933.399] 	Entry deleted from font path.
[  3933.399] (WW) The directory "/usr/share/fonts/X11/100dpi/" does not exist.
[  3933.399] 	Entry deleted from font path.
[  3933.399] (WW) The directory "/usr/share/fonts/X11/75dpi/" does not exist.
[  3933.399] 	Entry deleted from font path.
[  3933.399] (WW) The directory "/usr/share/fonts/X11/100dpi" does not exist.
[  3933.399] 	Entry deleted from font path.
[  3933.399] (WW) The directory "/usr/share/fonts/X11/75dpi" does not exist.
[  3933.399] 	Entry deleted from font path.
[  3933.399] (==) FontPath set to:
	/usr/share/fonts/X11/misc,
	/usr/share/fonts/X11/Type1,
	built-ins
[  3933.399] (==) ModulePath set to "/usr/lib/xorg/modules"
[  3933.399] (II) The server relies on udev to provide the list of input devices.
	If no devices become available, reconfigure udev or disable AutoAddDevices.
[  3933.399] (II) Loader magic: 0x555977a0c020
[  3933.399] (II) Module ABI versions:
[  3933.399] 	X.Org ANSI C Emulation: 0.4
[  3933.399] 	X.Org Video Driver: 24.1
[  3933.399] 	X.Org XInput driver : 24.1
[  3933.399] 	X.Org Server Extension : 10.0
[  3933.400] (++) using VT number 2

[  3933.404] (II) systemd-logind: took control of session /org/freedesktop/login1/session/_38
[  3933.405] (II) xfree86: Adding drm device (/dev/dri/card0)
[  3933.405] (II) systemd-logind: got fd for /dev/dri/card0 226:0 fd 11 paused 0
[  3933.421] (--) PCI:*(6@0:0:0) 102b:0534:1028:04fa rev 0, Mem @ 0xd8000000/16777216, 0xde7fc000/16384, 0xdd800000/8388608, BIOS @ 0x????????/131072
[  3933.421] (II) LoadModule: "glx"
[  3933.421] (II) Loading /usr/lib/xorg/modules/extensions/libglx.so
[  3933.422] (II) Module glx: vendor="X.Org Foundation"
[  3933.422] 	compiled for 1.20.8, module version = 1.0.0
[  3933.422] 	ABI class: X.Org Server Extension, version 10.0
[  3933.422] (==) Matched mga as autoconfigured driver 0
[  3933.422] (==) Matched modesetting as autoconfigured driver 1
[  3933.422] (==) Matched fbdev as autoconfigured driver 2
[  3933.422] (==) Matched vesa as autoconfigured driver 3
[  3933.422] (==) Assigned the driver to the xf86ConfigLayout
[  3933.422] (II) LoadModule: "mga"
[  3933.422] (WW) Warning, couldn't open module mga
[  3933.422] (EE) Failed to load module "mga" (module does not exist, 0)
[  3933.422] (II) LoadModule: "modesetting"
[  3933.423] (II) Loading /usr/lib/xorg/modules/drivers/modesetting_drv.so
[  3933.423] (II) Module modesetting: vendor="X.Org Foundation"
[  3933.423] 	compiled for 1.20.8, module version = 1.20.8
[  3933.423] 	Module class: X.Org Video Driver
[  3933.423] 	ABI class: X.Org Video Driver, version 24.1
[  3933.423] (II) LoadModule: "fbdev"
[  3933.423] (II) Loading /usr/lib/xorg/modules/drivers/fbdev_drv.so
[  3933.423] (II) Module fbdev: vendor="X.Org Foundation"
[  3933.423] 	compiled for 1.20.1, module version = 0.5.0
[  3933.423] 	Module class: X.Org Video Driver
[  3933.423] 	ABI class: X.Org Video Driver, version 24.0
[  3933.423] (II) LoadModule: "vesa"
[  3933.423] (II) Loading /usr/lib/xorg/modules/drivers/vesa_drv.so
[  3933.423] (II) Module vesa: vendor="X.Org Foundation"
[  3933.423] 	compiled for 1.20.1, module version = 2.4.0
[  3933.423] 	Module class: X.Org Video Driver
[  3933.423] 	ABI class: X.Org Video Driver, version 24.0
[  3933.423] (==) Matched mga as autoconfigured driver 0
[  3933.423] (==) Matched modesetting as autoconfigured driver 1
[  3933.423] (==) Matched fbdev as autoconfigured driver 2
[  3933.423] (==) Matched vesa as autoconfigured driver 3
[  3933.423] (==) Assigned the driver to the xf86ConfigLayout
[  3933.423] (II) LoadModule: "mga"
[  3933.423] (WW) Warning, couldn't open module mga
[  3933.423] (EE) Failed to load module "mga" (module does not exist, 0)
[  3933.423] (II) LoadModule: "modesetting"
[  3933.423] (II) Loading /usr/lib/xorg/modules/drivers/modesetting_drv.so
[  3933.423] (II) Module modesetting: vendor="X.Org Foundation"
[  3933.423] 	compiled for 1.20.8, module version = 1.20.8
[  3933.423] 	Module class: X.Org Video Driver
[  3933.423] 	ABI class: X.Org Video Driver, version 24.1
[  3933.423] (II) UnloadModule: "modesetting"
[  3933.423] (II) Unloading modesetting
[  3933.423] (II) Failed to load module "modesetting" (already loaded, 0)
[  3933.423] (II) LoadModule: "fbdev"
[  3933.424] (II) Loading /usr/lib/xorg/modules/drivers/fbdev_drv.so
[  3933.424] (II) Module fbdev: vendor="X.Org Foundation"
[  3933.424] 	compiled for 1.20.1, module version = 0.5.0
[  3933.424] 	Module class: X.Org Video Driver
[  3933.424] 	ABI class: X.Org Video Driver, version 24.0
[  3933.424] (II) UnloadModule: "fbdev"
[  3933.424] (II) Unloading fbdev
[  3933.424] (II) Failed to load module "fbdev" (already loaded, 0)
[  3933.424] (II) LoadModule: "vesa"
[  3933.424] (II) Loading /usr/lib/xorg/modules/drivers/vesa_drv.so
[  3933.424] (II) Module vesa: vendor="X.Org Foundation"
[  3933.424] 	compiled for 1.20.1, module version = 2.4.0
[  3933.424] 	Module class: X.Org Video Driver
[  3933.424] 	ABI class: X.Org Video Driver, version 24.0
[  3933.424] (II) UnloadModule: "vesa"
[  3933.424] (II) Unloading vesa
[  3933.424] (II) Failed to load module "vesa" (already loaded, 0)
[  3933.424] (II) modesetting: Driver for Modesetting Kernel Drivers: kms
[  3933.424] (II) FBDEV: driver for framebuffer: fbdev
[  3933.424] (II) VESA: driver for VESA chipsets: vesa
[  3933.424] (II) modeset(0): using drv /dev/dri/card0
[  3933.424] (WW) Falling back to old probe method for fbdev
[  3933.424] (II) Loading sub module "fbdevhw"
[  3933.424] (II) LoadModule: "fbdevhw"
[  3933.424] (II) Loading /usr/lib/xorg/modules/libfbdevhw.so
[  3933.424] (II) Module fbdevhw: vendor="X.Org Foundation"
[  3933.424] 	compiled for 1.20.8, module version = 0.0.2
[  3933.424] 	ABI class: X.Org Video Driver, version 24.1
[  3933.424] (II) modeset(0): Creating default Display subsection in Screen section
	"Default Screen Section" for depth/fbbpp 24/32
[  3933.424] (==) modeset(0): Depth 24, (==) framebuffer bpp 32
[  3933.424] (==) modeset(0): RGB weight 888
[  3933.424] (==) modeset(0): Default visual is TrueColor
[  3933.424] (II) Loading sub module "glamoregl"
[  3933.424] (II) LoadModule: "glamoregl"
[  3933.424] (II) Loading /usr/lib/xorg/modules/libglamoregl.so
[  3933.428] (II) Module glamoregl: vendor="X.Org Foundation"
[  3933.428] 	compiled for 1.20.8, module version = 1.0.1
[  3933.428] 	ABI class: X.Org ANSI C Emulation, version 0.4
[  3933.488] (II) modeset(0): Refusing to try glamor on llvmpipe
[  3933.489] (EE) modeset(0): glamor initialization failed
[  3933.489] (II) modeset(0): ShadowFB: preferred YES, enabled YES
[  3933.489] (II) modeset(0): Double-buffered shadow updates: on
[  3933.528] (II) modeset(0): Output VGA-1 has no monitor section
[  3933.567] (II) modeset(0): EDID for output VGA-1
[  3933.567] (II) modeset(0): Manufacturer: DEL  Model: a09d  Serial#: 909530189
[  3933.567] (II) modeset(0): Year: 2015  Week: 2
[  3933.567] (II) modeset(0): EDID Version: 1.3
[  3933.567] (II) modeset(0): Analog Display Input,  Input Voltage Level: 0.700/0.300 V
[  3933.567] (II) modeset(0): Sync:  Separate  Composite  SyncOnGreen
[  3933.567] (II) modeset(0): Max Image Size [cm]: horiz.: 48  vert.: 27
[  3933.567] (II) modeset(0): Gamma: 2.20
[  3933.567] (II) modeset(0): DPMS capabilities: StandBy Suspend Off; RGB/Color Display
[  3933.567] (II) modeset(0): First detailed timing is preferred mode
[  3933.567] (II) modeset(0): redX: 0.637 redY: 0.330   greenX: 0.310 greenY: 0.620
[  3933.567] (II) modeset(0): blueX: 0.153 blueY: 0.067   whiteX: 0.313 whiteY: 0.329
[  3933.567] (II) modeset(0): Supported established timings:
[  3933.567] (II) modeset(0): 720x400@70Hz
[  3933.567] (II) modeset(0): 640x480@60Hz
[  3933.567] (II) modeset(0): 640x480@75Hz
[  3933.567] (II) modeset(0): 800x600@60Hz
[  3933.567] (II) modeset(0): 800x600@75Hz
[  3933.567] (II) modeset(0): 1024x768@60Hz
[  3933.567] (II) modeset(0): 1024x768@75Hz
[  3933.567] (II) modeset(0): 1280x1024@75Hz
[  3933.567] (II) modeset(0): Manufacturer's mask: 0
[  3933.567] (II) modeset(0): Supported standard timings:
[  3933.567] (II) modeset(0): #0: hsize: 1152  vsize 864  refresh: 75  vid: 20337
[  3933.567] (II) modeset(0): #1: hsize: 1280  vsize 1024  refresh: 60  vid: 32897
[  3933.567] (II) modeset(0): #2: hsize: 1600  vsize 900  refresh: 60  vid: 49321
[  3933.567] (II) modeset(0): #3: hsize: 1920  vsize 1080  refresh: 60  vid: 49361
[  3933.567] (II) modeset(0): Supported detailed timing:
[  3933.567] (II) modeset(0): clock: 148.5 MHz   Image Size:  477 x 268 mm
[  3933.567] (II) modeset(0): h_active: 1920  h_sync: 2008  h_sync_end 2052 h_blank_end 2200 h_border: 0
[  3933.567] (II) modeset(0): v_active: 1080  v_sync: 1084  v_sync_end 1089 v_blanking: 1125 v_border: 0
[  3933.567] (II) modeset(0): Serial No: F4WW651766TM
[  3933.567] (II) modeset(0): Monitor name: DELL E2214H
[  3933.567] (II) modeset(0): Ranges: V min: 56 V max: 76 Hz, H min: 30 H max: 83 kHz, PixClock max 175 MHz
[  3933.567] (II) modeset(0): EDID (in hex):
[  3933.567] (II) modeset(0): 	00ffffffffffff0010ac9da04d543636
[  3933.567] (II) modeset(0): 	021901030e301b78ea2755a3544f9e27
[  3933.567] (II) modeset(0): 	115054a54b00714f8180a9c0d1c00101
[  3933.567] (II) modeset(0): 	010101010101023a801871382d40582c
[  3933.567] (II) modeset(0): 	4500dd0c1100001e000000ff00463457
[  3933.567] (II) modeset(0): 	57363531373636544d0a000000fc0044
[  3933.567] (II) modeset(0): 	454c4c204532323134480a20000000fd
[  3933.567] (II) modeset(0): 	00384c1e5311000a20202020202000d1
[  3933.567] (II) modeset(0): Printing probed modes for output VGA-1
[  3933.567] (II) modeset(0): Modeline "1600x900"x60.0  108.00  1600 1624 1704 1800  900 901 904 1000 +hsync +vsync (60.0 kHz e)
[  3933.567] (II) modeset(0): Modeline "1280x1024"x75.0  135.00  1280 1296 1440 1688  1024 1025 1028 1066 +hsync +vsync (80.0 kHz e)
[  3933.567] (II) modeset(0): Modeline "1280x1024"x60.0  108.00  1280 1328 1440 1688  1024 1025 1028 1066 +hsync +vsync (64.0 kHz e)
[  3933.567] (II) modeset(0): Modeline "1152x864"x75.0  108.00  1152 1216 1344 1600  864 865 868 900 +hsync +vsync (67.5 kHz e)
[  3933.567] (II) modeset(0): Modeline "1024x768"x75.0   78.75  1024 1040 1136 1312  768 769 772 800 +hsync +vsync (60.0 kHz e)
[  3933.567] (II) modeset(0): Modeline "1024x768"x60.0   65.00  1024 1048 1184 1344  768 771 777 806 -hsync -vsync (48.4 kHz e)
[  3933.567] (II) modeset(0): Modeline "800x600"x75.0   49.50  800 816 896 1056  600 601 604 625 +hsync +vsync (46.9 kHz e)
[  3933.568] (II) modeset(0): Modeline "800x600"x60.3   40.00  800 840 968 1056  600 601 605 628 +hsync +vsync (37.9 kHz e)
[  3933.568] (II) modeset(0): Modeline "640x480"x75.0   31.50  640 656 720 840  480 481 484 500 -hsync -vsync (37.5 kHz e)
[  3933.568] (II) modeset(0): Modeline "640x480"x59.9   25.18  640 656 752 800  480 490 492 525 -hsync -vsync (31.5 kHz e)
[  3933.568] (II) modeset(0): Output VGA-1 connected
[  3933.568] (II) modeset(0): Using exact sizes for initial modes
[  3933.568] (II) modeset(0): Output VGA-1 using initial mode 1600x900 +0+0
[  3933.568] (==) modeset(0): Using gamma correction (1.0, 1.0, 1.0)
[  3933.568] (==) modeset(0): DPI set to (96, 96)
[  3933.568] (II) Loading sub module "fb"
[  3933.568] (II) LoadModule: "fb"
[  3933.568] (II) Loading /usr/lib/xorg/modules/libfb.so
[  3933.568] (II) Module fb: vendor="X.Org Foundation"
[  3933.568] 	compiled for 1.20.8, module version = 1.0.0
[  3933.568] 	ABI class: X.Org ANSI C Emulation, version 0.4
[  3933.568] (II) Loading sub module "shadow"
[  3933.568] (II) LoadModule: "shadow"
[  3933.568] (II) Loading /usr/lib/xorg/modules/libshadow.so
[  3933.568] (II) Module shadow: vendor="X.Org Foundation"
[  3933.568] 	compiled for 1.20.8, module version = 1.1.0
[  3933.568] 	ABI class: X.Org ANSI C Emulation, version 0.4
[  3933.568] (II) UnloadModule: "fbdev"
[  3933.568] (II) Unloading fbdev
[  3933.568] (II) UnloadSubModule: "fbdevhw"
[  3933.568] (II) Unloading fbdevhw
[  3933.568] (II) UnloadModule: "vesa"
[  3933.568] (II) Unloading vesa
[  3933.569] (==) modeset(0): Backing store enabled
[  3933.569] (==) modeset(0): Silken mouse enabled
[  3933.569] (II) modeset(0): Initializing kms color map for depth 24, 8 bpc.
[  3933.569] (==) modeset(0): DPMS enabled
[  3933.569] (II) Initializing extension Generic Event Extension
[  3933.569] (II) Initializing extension SHAPE
[  3933.569] (II) Initializing extension MIT-SHM
[  3933.569] (II) Initializing extension XInputExtension
[  3933.569] (II) Initializing extension XTEST
[  3933.570] (II) Initializing extension BIG-REQUESTS
[  3933.570] (II) Initializing extension SYNC
[  3933.570] (II) Initializing extension XKEYBOARD
[  3933.570] (II) Initializing extension XC-MISC
[  3933.570] (II) Initializing extension SECURITY
[  3933.570] (II) Initializing extension XFIXES
[  3933.570] (II) Initializing extension RENDER
[  3933.571] (II) Initializing extension RANDR
[  3933.571] (II) Initializing extension COMPOSITE
[  3933.571] (II) Initializing extension DAMAGE
[  3933.571] (II) Initializing extension MIT-SCREEN-SAVER
[  3933.571] (II) Initializing extension DOUBLE-BUFFER
[  3933.571] (II) Initializing extension RECORD
[  3933.571] (II) Initializing extension DPMS
[  3933.572] (II) Initializing extension Present
[  3933.572] (II) Initializing extension DRI3
[  3933.572] (II) Initializing extension X-Resource
[  3933.572] (II) Initializing extension XVideo
[  3933.572] (II) Initializing extension XVideo-MotionCompensation
[  3933.572] (II) Initializing extension SELinux
[  3933.572] (II) SELinux: Disabled on system
[  3933.572] (II) Initializing extension GLX
[  3933.572] (II) AIGLX: Screen 0 is not DRI2 capable
[  3933.577] (II) IGLX: Loaded and initialized swrast
[  3933.577] (II) GLX: Initialized DRISWRAST GL provider for screen 0
[  3933.577] (II) Initializing extension XFree86-VidModeExtension
[  3933.577] (II) Initializing extension XFree86-DGA
[  3933.577] (II) Initializing extension XFree86-DRI
[  3933.577] (II) Initializing extension DRI2
[  3933.578] (II) modeset(0): Damage tracking initialized
[  3933.578] (II) modeset(0): Setting screen physical size to 423 x 238
[  3933.631] (II) config/udev: Adding input device Power Button (/dev/input/event0)
[  3933.631] (**) Power Button: Applying InputClass "libinput keyboard catchall"
[  3933.631] (II) LoadModule: "libinput"
[  3933.631] (II) Loading /usr/lib/xorg/modules/input/libinput_drv.so
[  3933.632] (II) Module libinput: vendor="X.Org Foundation"
[  3933.633] 	compiled for 1.20.1, module version = 0.28.1
[  3933.633] 	Module class: X.Org XInput Driver
[  3933.633] 	ABI class: X.Org XInput driver, version 24.1
[  3933.633] (II) Using input driver 'libinput' for 'Power Button'
[  3933.634] (II) systemd-logind: got fd for /dev/input/event0 13:64 fd 22 paused 0
[  3933.634] (**) Power Button: always reports core events
[  3933.634] (**) Option "Device" "/dev/input/event0"
[  3933.634] (**) Option "_source" "server/udev"
[  3933.634] (II) event0  - Power Button: is tagged by udev as: Keyboard
[  3933.634] (II) event0  - Power Button: device is a keyboard
[  3933.634] (II) event0  - Power Button: device removed
[  3933.635] (**) Option "config_info" "udev:/sys/devices/LNXSYSTM:00/LNXPWRBN:00/input/input0/event0"
[  3933.635] (II) XINPUT: Adding extended input device "Power Button" (type: KEYBOARD, id 6)
[  3933.635] (**) Option "xkb_model" "pc105"
[  3933.635] (**) Option "xkb_layout" "us"
[  3933.635] (II) event0  - Power Button: is tagged by udev as: Keyboard
[  3933.636] (II) event0  - Power Button: device is a keyboard
[  3933.637] (II) config/udev: Adding input device Avocent Keyboard/Mouse Function (/dev/input/event7)
[  3933.637] (**) Avocent Keyboard/Mouse Function: Applying InputClass "libinput keyboard catchall"
[  3933.637] (II) Using input driver 'libinput' for 'Avocent Keyboard/Mouse Function'
[  3933.638] (II) systemd-logind: got fd for /dev/input/event7 13:71 fd 25 paused 0
[  3933.638] (**) Avocent Keyboard/Mouse Function: always reports core events
[  3933.638] (**) Option "Device" "/dev/input/event7"
[  3933.638] (**) Option "_source" "server/udev"
[  3933.639] (II) event7  - Avocent Keyboard/Mouse Function: is tagged by udev as: Keyboard
[  3933.639] (II) event7  - Avocent Keyboard/Mouse Function: device is a keyboard
[  3933.639] (II) event7  - Avocent Keyboard/Mouse Function: device removed
[  3933.639] (**) Option "config_info" "udev:/sys/devices/pci0000:00/0000:00:1a.0/usb1/1-1/1-1.6/1-1.6.1/1-1.6.1:1.0/0003:0624:0249.0009/input/input22/event7"
[  3933.639] (II) XINPUT: Adding extended input device "Avocent Keyboard/Mouse Function" (type: KEYBOARD, id 7)
[  3933.639] (**) Option "xkb_model" "pc105"
[  3933.639] (**) Option "xkb_layout" "us"
[  3933.640] (II) event7  - Avocent Keyboard/Mouse Function: is tagged by udev as: Keyboard
[  3933.640] (II) event7  - Avocent Keyboard/Mouse Function: device is a keyboard
[  3933.642] (II) config/udev: Adding input device Avocent Keyboard/Mouse Function (/dev/input/event9)
[  3933.642] (**) Avocent Keyboard/Mouse Function: Applying InputClass "libinput pointer catchall"
[  3933.642] (II) Using input driver 'libinput' for 'Avocent Keyboard/Mouse Function'
[  3933.702] (II) systemd-logind: got fd for /dev/input/event9 13:73 fd 26 paused 0
[  3933.702] (**) Avocent Keyboard/Mouse Function: always reports core events
[  3933.702] (**) Option "Device" "/dev/input/event9"
[  3933.702] (**) Option "_source" "server/udev"
[  3933.703] (II) event9  - Avocent Keyboard/Mouse Function: is tagged by udev as: Mouse
[  3933.703] (II) event9  - Avocent Keyboard/Mouse Function: device is a pointer
[  3933.703] (II) event9  - Avocent Keyboard/Mouse Function: device removed
[  3933.703] (**) Option "config_info" "udev:/sys/devices/pci0000:00/0000:00:1a.0/usb1/1-1/1-1.6/1-1.6.1/1-1.6.1:1.1/0003:0624:0249.000A/input/input24/event9"
[  3933.703] (II) XINPUT: Adding extended input device "Avocent Keyboard/Mouse Function" (type: MOUSE, id 8)
[  3933.704] (**) Option "AccelerationScheme" "none"
[  3933.704] (**) Avocent Keyboard/Mouse Function: (accel) selected scheme none/0
[  3933.704] (**) Avocent Keyboard/Mouse Function: (accel) acceleration factor: 2.000
[  3933.704] (**) Avocent Keyboard/Mouse Function: (accel) acceleration threshold: 4
[  3933.705] (II) event9  - Avocent Keyboard/Mouse Function: is tagged by udev as: Mouse
[  3933.705] (II) event9  - Avocent Keyboard/Mouse Function: device is a pointer
[  3933.707] (II) config/udev: Adding input device Avocent Keyboard/Mouse Function (/dev/input/mouse2)
[  3933.707] (II) No input driver specified, ignoring this device.
[  3933.707] (II) This device may have been added with another device file.
[  3933.708] (II) config/udev: Adding input device Avocent Keyboard/Mouse Function (/dev/input/event10)
[  3933.708] (**) Avocent Keyboard/Mouse Function: Applying InputClass "libinput pointer catchall"
[  3933.708] (II) Using input driver 'libinput' for 'Avocent Keyboard/Mouse Function'
[  3933.770] (II) systemd-logind: got fd for /dev/input/event10 13:74 fd 27 paused 0
[  3933.770] (**) Avocent Keyboard/Mouse Function: always reports core events
[  3933.770] (**) Option "Device" "/dev/input/event10"
[  3933.770] (**) Option "_source" "server/udev"
[  3933.771] (II) event10 - Avocent Keyboard/Mouse Function: is tagged by udev as: Mouse
[  3933.771] (II) event10 - Avocent Keyboard/Mouse Function: device is a pointer
[  3933.771] (II) event10 - Avocent Keyboard/Mouse Function: device removed
[  3933.771] (**) Option "config_info" "udev:/sys/devices/pci0000:00/0000:00:1a.0/usb1/1-1/1-1.6/1-1.6.1/1-1.6.1:1.2/0003:0624:0249.000B/input/input25/event10"
[  3933.771] (II) XINPUT: Adding extended input device "Avocent Keyboard/Mouse Function" (type: MOUSE, id 9)
[  3933.772] (**) Option "AccelerationScheme" "none"
[  3933.772] (**) Avocent Keyboard/Mouse Function: (accel) selected scheme none/0
[  3933.772] (**) Avocent Keyboard/Mouse Function: (accel) acceleration factor: 2.000
[  3933.772] (**) Avocent Keyboard/Mouse Function: (accel) acceleration threshold: 4
[  3933.773] (II) event10 - Avocent Keyboard/Mouse Function: is tagged by udev as: Mouse
[  3933.773] (II) event10 - Avocent Keyboard/Mouse Function: device is a pointer
[  3933.775] (II) config/udev: Adding input device Avocent Keyboard/Mouse Function (/dev/input/mouse3)
[  3933.775] (II) No input driver specified, ignoring this device.
[  3933.775] (II) This device may have been added with another device file.
[  3933.777] (II) config/udev: Adding input device Logitech Dell KB714 (/dev/input/event11)
[  3933.777] (**) Logitech Dell KB714: Applying InputClass "libinput keyboard catchall"
[  3933.777] (II) Using input driver 'libinput' for 'Logitech Dell KB714'
[  3933.779] (II) systemd-logind: got fd for /dev/input/event11 13:75 fd 28 paused 0
[  3933.779] (**) Logitech Dell KB714: always reports core events
[  3933.779] (**) Option "Device" "/dev/input/event11"
[  3933.779] (**) Option "_source" "server/udev"
[  3933.780] (II) event11 - Logitech Dell KB714: is tagged by udev as: Keyboard
[  3933.780] (II) event11 - Logitech Dell KB714: device is a keyboard
[  3933.780] (II) event11 - Logitech Dell KB714: device removed
[  3933.780] (II) libinput: Logitech Dell KB714: needs a virtual subdevice
[  3933.780] (**) Option "config_info" "udev:/sys/devices/pci0000:00/0000:00:1d.0/usb2/2-1/2-1.7/2-1.7:1.2/0003:046D:C52B.0003/0003:046D:4015.0008/input/input26/event11"
[  3933.780] (II) XINPUT: Adding extended input device "Logitech Dell KB714" (type: MOUSE, id 10)
[  3933.780] (**) Option "AccelerationScheme" "none"
[  3933.780] (**) Logitech Dell KB714: (accel) selected scheme none/0
[  3933.780] (**) Logitech Dell KB714: (accel) acceleration factor: 2.000
[  3933.781] (**) Logitech Dell KB714: (accel) acceleration threshold: 4
[  3933.782] (II) event11 - Logitech Dell KB714: is tagged by udev as: Keyboard
[  3933.782] (II) event11 - Logitech Dell KB714: device is a keyboard
[  3933.784] (II) config/udev: Adding input device Logitech Dell WM514 (/dev/input/event8)
[  3933.784] (**) Logitech Dell WM514: Applying InputClass "libinput pointer catchall"
[  3933.784] (**) Logitech Dell WM514: Applying InputClass "libinput keyboard catchall"
[  3933.784] (II) Using input driver 'libinput' for 'Logitech Dell WM514'
[  3933.786] (II) systemd-logind: got fd for /dev/input/event8 13:72 fd 29 paused 0
[  3933.786] (**) Logitech Dell WM514: always reports core events
[  3933.786] (**) Option "Device" "/dev/input/event8"
[  3933.786] (**) Option "_source" "server/udev"
[  3933.787] (II) event8  - Logitech Dell WM514: is tagged by udev as: Keyboard Mouse
[  3933.787] (II) event8  - Logitech Dell WM514: device is a pointer
[  3933.787] (II) event8  - Logitech Dell WM514: device is a keyboard
[  3933.787] (II) event8  - Logitech Dell WM514: device removed
[  3933.787] (II) libinput: Logitech Dell WM514: needs a virtual subdevice
[  3933.787] (**) Option "config_info" "udev:/sys/devices/pci0000:00/0000:00:1d.0/usb2/2-1/2-1.7/2-1.7:1.2/0003:046D:C52B.0003/0003:046D:4029.0007/input/input23/event8"
[  3933.787] (II) XINPUT: Adding extended input device "Logitech Dell WM514" (type: MOUSE, id 11)
[  3933.787] (**) Option "AccelerationScheme" "none"
[  3933.787] (**) Logitech Dell WM514: (accel) selected scheme none/0
[  3933.787] (**) Logitech Dell WM514: (accel) acceleration factor: 2.000
[  3933.787] (**) Logitech Dell WM514: (accel) acceleration threshold: 4
[  3933.788] (II) event8  - Logitech Dell WM514: is tagged by udev as: Keyboard Mouse
[  3933.789] (II) event8  - Logitech Dell WM514: device is a pointer
[  3933.789] (II) event8  - Logitech Dell WM514: device is a keyboard
[  3933.790] (II) config/udev: Adding input device Logitech Dell WM514 (/dev/input/mouse1)
[  3933.790] (II) No input driver specified, ignoring this device.
[  3933.790] (II) This device may have been added with another device file.
[  3933.792] (II) config/udev: Adding input device Razer Razer BlackWidow Ultimate (/dev/input/event1)
[  3933.792] (**) Razer Razer BlackWidow Ultimate: Applying InputClass "libinput keyboard catchall"
[  3933.792] (II) Using input driver 'libinput' for 'Razer Razer BlackWidow Ultimate'
[  3933.793] (II) systemd-logind: got fd for /dev/input/event1 13:65 fd 30 paused 0
[  3933.793] (**) Razer Razer BlackWidow Ultimate: always reports core events
[  3933.794] (**) Option "Device" "/dev/input/event1"
[  3933.794] (**) Option "_source" "server/udev"
[  3933.795] (II) event1  - Razer Razer BlackWidow Ultimate: is tagged by udev as: Keyboard
[  3933.795] (II) event1  - Razer Razer BlackWidow Ultimate: device is a keyboard
[  3933.795] (II) event1  - Razer Razer BlackWidow Ultimate: device removed
[  3933.795] (**) Option "config_info" "udev:/sys/devices/pci0000:00/0000:00:1d.0/usb2/2-1/2-1.8/2-1.8:1.0/0003:1532:0214.0004/input/input6/event1"
[  3933.795] (II) XINPUT: Adding extended input device "Razer Razer BlackWidow Ultimate" (type: KEYBOARD, id 12)
[  3933.795] (**) Option "xkb_model" "pc105"
[  3933.795] (**) Option "xkb_layout" "us"
[  3933.796] (II) event1  - Razer Razer BlackWidow Ultimate: is tagged by udev as: Keyboard
[  3933.796] (II) event1  - Razer Razer BlackWidow Ultimate: device is a keyboard
[  3933.798] (II) config/udev: Adding input device Razer Razer BlackWidow Ultimate (/dev/input/event5)
[  3933.798] (II) No input driver specified, ignoring this device.
[  3933.798] (II) This device may have been added with another device file.
[  3933.799] (II) config/udev: Adding input device Razer Razer BlackWidow Ultimate Keyboard (/dev/input/event2)
[  3933.800] (**) Razer Razer BlackWidow Ultimate Keyboard: Applying InputClass "libinput keyboard catchall"
[  3933.800] (II) Using input driver 'libinput' for 'Razer Razer BlackWidow Ultimate Keyboard'
[  3933.801] (II) systemd-logind: got fd for /dev/input/event2 13:66 fd 31 paused 0
[  3933.801] (**) Razer Razer BlackWidow Ultimate Keyboard: always reports core events
[  3933.801] (**) Option "Device" "/dev/input/event2"
[  3933.801] (**) Option "_source" "server/udev"
[  3933.802] (II) event2  - Razer Razer BlackWidow Ultimate Keyboard: is tagged by udev as: Keyboard
[  3933.802] (II) event2  - Razer Razer BlackWidow Ultimate Keyboard: device is a keyboard
[  3933.802] (II) event2  - Razer Razer BlackWidow Ultimate Keyboard: device removed
[  3933.802] (**) Option "config_info" "udev:/sys/devices/pci0000:00/0000:00:1d.0/usb2/2-1/2-1.8/2-1.8:1.1/0003:1532:0214.0005/input/input7/event2"
[  3933.802] (II) XINPUT: Adding extended input device "Razer Razer BlackWidow Ultimate Keyboard" (type: KEYBOARD, id 13)
[  3933.802] (**) Option "xkb_model" "pc105"
[  3933.802] (**) Option "xkb_layout" "us"
[  3933.804] (II) event2  - Razer Razer BlackWidow Ultimate Keyboard: is tagged by udev as: Keyboard
[  3933.804] (II) event2  - Razer Razer BlackWidow Ultimate Keyboard: device is a keyboard
[  3933.806] (II) config/udev: Adding input device Razer Razer BlackWidow Ultimate Consumer Control (/dev/input/event3)
[  3933.806] (**) Razer Razer BlackWidow Ultimate Consumer Control: Applying InputClass "libinput keyboard catchall"
[  3933.806] (II) Using input driver 'libinput' for 'Razer Razer BlackWidow Ultimate Consumer Control'
[  3933.807] (II) systemd-logind: got fd for /dev/input/event3 13:67 fd 32 paused 0
[  3933.807] (**) Razer Razer BlackWidow Ultimate Consumer Control: always reports core events
[  3933.807] (**) Option "Device" "/dev/input/event3"
[  3933.807] (**) Option "_source" "server/udev"
[  3933.807] (II) event3  - Razer Razer BlackWidow Ultimate Consumer Control: is tagged by udev as: Keyboard
[  3933.807] (II) event3  - Razer Razer BlackWidow Ultimate Consumer Control: device is a keyboard
[  3933.807] (II) event3  - Razer Razer BlackWidow Ultimate Consumer Control: device removed
[  3933.807] (II) libinput: Razer Razer BlackWidow Ultimate Consumer Control: needs a virtual subdevice
[  3933.807] (**) Option "config_info" "udev:/sys/devices/pci0000:00/0000:00:1d.0/usb2/2-1/2-1.8/2-1.8:1.1/0003:1532:0214.0005/input/input8/event3"
[  3933.808] (II) XINPUT: Adding extended input device "Razer Razer BlackWidow Ultimate Consumer Control" (type: MOUSE, id 14)
[  3933.808] (**) Option "AccelerationScheme" "none"
[  3933.808] (**) Razer Razer BlackWidow Ultimate Consumer Control: (accel) selected scheme none/0
[  3933.808] (**) Razer Razer BlackWidow Ultimate Consumer Control: (accel) acceleration factor: 2.000
[  3933.808] (**) Razer Razer BlackWidow Ultimate Consumer Control: (accel) acceleration threshold: 4
[  3933.808] (II) event3  - Razer Razer BlackWidow Ultimate Consumer Control: is tagged by udev as: Keyboard
[  3933.808] (II) event3  - Razer Razer BlackWidow Ultimate Consumer Control: device is a keyboard
[  3933.809] (II) config/udev: Adding input device Razer Razer BlackWidow Ultimate System Control (/dev/input/event4)
[  3933.809] (**) Razer Razer BlackWidow Ultimate System Control: Applying InputClass "libinput keyboard catchall"
[  3933.809] (II) Using input driver 'libinput' for 'Razer Razer BlackWidow Ultimate System Control'
[  3933.810] (II) systemd-logind: got fd for /dev/input/event4 13:68 fd 33 paused 0
[  3933.810] (**) Razer Razer BlackWidow Ultimate System Control: always reports core events
[  3933.810] (**) Option "Device" "/dev/input/event4"
[  3933.810] (**) Option "_source" "server/udev"
[  3933.811] (II) event4  - Razer Razer BlackWidow Ultimate System Control: is tagged by udev as: Keyboard
[  3933.811] (II) event4  - Razer Razer BlackWidow Ultimate System Control: device is a keyboard
[  3933.811] (II) event4  - Razer Razer BlackWidow Ultimate System Control: device removed
[  3933.811] (**) Option "config_info" "udev:/sys/devices/pci0000:00/0000:00:1d.0/usb2/2-1/2-1.8/2-1.8:1.1/0003:1532:0214.0005/input/input9/event4"
[  3933.811] (II) XINPUT: Adding extended input device "Razer Razer BlackWidow Ultimate System Control" (type: KEYBOARD, id 15)
[  3933.811] (**) Option "xkb_model" "pc105"
[  3933.811] (**) Option "xkb_layout" "us"
[  3933.812] (II) event4  - Razer Razer BlackWidow Ultimate System Control: is tagged by udev as: Keyboard
[  3933.812] (II) event4  - Razer Razer BlackWidow Ultimate System Control: device is a keyboard
[  3933.813] (II) config/udev: Adding input device Razer Razer BlackWidow Ultimate (/dev/input/event6)
[  3933.813] (**) Razer Razer BlackWidow Ultimate: Applying InputClass "libinput pointer catchall"
[  3933.813] (II) Using input driver 'libinput' for 'Razer Razer BlackWidow Ultimate'
[  3933.874] (II) systemd-logind: got fd for /dev/input/event6 13:70 fd 34 paused 0
[  3933.874] (**) Razer Razer BlackWidow Ultimate: always reports core events
[  3933.874] (**) Option "Device" "/dev/input/event6"
[  3933.874] (**) Option "_source" "server/udev"
[  3933.875] (II) event6  - Razer Razer BlackWidow Ultimate: is tagged by udev as: Mouse
[  3933.875] (II) event6  - Razer Razer BlackWidow Ultimate: device is a pointer
[  3933.875] (II) event6  - Razer Razer BlackWidow Ultimate: device removed
[  3933.875] (**) Option "config_info" "udev:/sys/devices/pci0000:00/0000:00:1d.0/usb2/2-1/2-1.8/2-1.8:1.2/0003:1532:0214.0006/input/input11/event6"
[  3933.875] (II) XINPUT: Adding extended input device "Razer Razer BlackWidow Ultimate" (type: MOUSE, id 16)
[  3933.875] (**) Option "AccelerationScheme" "none"
[  3933.875] (**) Razer Razer BlackWidow Ultimate: (accel) selected scheme none/0
[  3933.875] (**) Razer Razer BlackWidow Ultimate: (accel) acceleration factor: 2.000
[  3933.875] (**) Razer Razer BlackWidow Ultimate: (accel) acceleration threshold: 4
[  3933.877] (II) event6  - Razer Razer BlackWidow Ultimate: is tagged by udev as: Mouse
[  3933.877] (II) event6  - Razer Razer BlackWidow Ultimate: device is a pointer
[  3933.878] (II) config/udev: Adding input device Razer Razer BlackWidow Ultimate (/dev/input/mouse0)
[  3933.878] (II) No input driver specified, ignoring this device.
[  3933.878] (II) This device may have been added with another device file.
[  3933.889] (**) Logitech Dell KB714: Applying InputClass "libinput keyboard catchall"
[  3933.889] (II) Using input driver 'libinput' for 'Logitech Dell KB714'
[  3933.889] (II) systemd-logind: returning pre-existing fd for /dev/input/event11 13:75
[  3933.889] (**) Logitech Dell KB714: always reports core events
[  3933.889] (**) Option "Device" "/dev/input/event11"
[  3933.889] (**) Option "_source" "_driver/libinput"
[  3933.889] (II) libinput: Logitech Dell KB714: is a virtual subdevice
[  3933.889] (**) Option "config_info" "udev:/sys/devices/pci0000:00/0000:00:1d.0/usb2/2-1/2-1.7/2-1.7:1.2/0003:046D:C52B.0003/0003:046D:4015.0008/input/input26/event11"
[  3933.889] (II) XINPUT: Adding extended input device "Logitech Dell KB714" (type: KEYBOARD, id 17)
[  3933.889] (**) Option "xkb_model" "pc105"
[  3933.889] (**) Option "xkb_layout" "us"
[  3933.889] (**) Logitech Dell WM514: Applying InputClass "libinput pointer catchall"
[  3933.889] (**) Logitech Dell WM514: Applying InputClass "libinput keyboard catchall"
[  3933.889] (II) Using input driver 'libinput' for 'Logitech Dell WM514'
[  3933.889] (II) systemd-logind: returning pre-existing fd for /dev/input/event8 13:72
[  3933.889] (**) Logitech Dell WM514: always reports core events
[  3933.889] (**) Option "Device" "/dev/input/event8"
[  3933.889] (**) Option "_source" "_driver/libinput"
[  3933.889] (II) libinput: Logitech Dell WM514: is a virtual subdevice
[  3933.889] (**) Option "config_info" "udev:/sys/devices/pci0000:00/0000:00:1d.0/usb2/2-1/2-1.7/2-1.7:1.2/0003:046D:C52B.0003/0003:046D:4029.0007/input/input23/event8"
[  3933.889] (II) XINPUT: Adding extended input device "Logitech Dell WM514" (type: KEYBOARD, id 18)
[  3933.889] (**) Option "xkb_model" "pc105"
[  3933.889] (**) Option "xkb_layout" "us"
[  3933.890] (**) Razer Razer BlackWidow Ultimate Consumer Control: Applying InputClass "libinput keyboard catchall"
[  3933.890] (II) Using input driver 'libinput' for 'Razer Razer BlackWidow Ultimate Consumer Control'
[  3933.890] (II) systemd-logind: returning pre-existing fd for /dev/input/event3 13:67
[  3933.890] (**) Razer Razer BlackWidow Ultimate Consumer Control: always reports core events
[  3933.890] (**) Option "Device" "/dev/input/event3"
[  3933.890] (**) Option "_source" "_driver/libinput"
[  3933.890] (II) libinput: Razer Razer BlackWidow Ultimate Consumer Control: is a virtual subdevice
[  3933.890] (**) Option "config_info" "udev:/sys/devices/pci0000:00/0000:00:1d.0/usb2/2-1/2-1.8/2-1.8:1.1/0003:1532:0214.0005/input/input8/event3"
[  3933.890] (II) XINPUT: Adding extended input device "Razer Razer BlackWidow Ultimate Consumer Control" (type: KEYBOARD, id 19)
[  3933.890] (**) Option "xkb_model" "pc105"
[  3933.890] (**) Option "xkb_layout" "us"
[  3936.300] (II) modeset(0): EDID vendor "DEL", prod id 41117
[  3936.300] (II) modeset(0): Using EDID range info for horizontal sync
[  3936.300] (II) modeset(0): Using EDID range info for vertical refresh
[  3936.300] (II) modeset(0): Printing DDC gathered Modelines:
[  3936.301] (II) modeset(0): Modeline "1920x1080"x0.0  148.50  1920 2008 2052 2200  1080 1084 1089 1125 +hsync +vsync (67.5 kHz eP)
[  3936.301] (II) modeset(0): Modeline "800x600"x0.0   40.00  800 840 968 1056  600 601 605 628 +hsync +vsync (37.9 kHz e)
[  3936.301] (II) modeset(0): Modeline "640x480"x0.0   31.50  640 656 720 840  480 481 484 500 -hsync -vsync (37.5 kHz e)
[  3936.301] (II) modeset(0): Modeline "640x480"x0.0   25.18  640 656 752 800  480 490 492 525 -hsync -vsync (31.5 kHz e)
[  3936.301] (II) modeset(0): Modeline "720x400"x0.0   28.32  720 738 846 900  400 412 414 449 -hsync +vsync (31.5 kHz e)
[  3936.301] (II) modeset(0): Modeline "1280x1024"x0.0  135.00  1280 1296 1440 1688  1024 1025 1028 1066 +hsync +vsync (80.0 kHz e)
[  3936.301] (II) modeset(0): Modeline "1024x768"x0.0   78.75  1024 1040 1136 1312  768 769 772 800 +hsync +vsync (60.0 kHz e)
[  3936.301] (II) modeset(0): Modeline "1024x768"x0.0   65.00  1024 1048 1184 1344  768 771 777 806 -hsync -vsync (48.4 kHz e)
[  3936.301] (II) modeset(0): Modeline "800x600"x0.0   49.50  800 816 896 1056  600 601 604 625 +hsync +vsync (46.9 kHz e)
[  3936.301] (II) modeset(0): Modeline "1152x864"x0.0  108.00  1152 1216 1344 1600  864 865 868 900 +hsync +vsync (67.5 kHz e)
[  3936.301] (II) modeset(0): Modeline "1280x1024"x0.0  108.00  1280 1328 1440 1688  1024 1025 1028 1066 +hsync +vsync (64.0 kHz e)
[  3936.301] (II) modeset(0): Modeline "1600x900"x60.0  119.00  1600 1696 1864 2128  900 901 904 932 -hsync +vsync (55.9 kHz e)
[  3936.331] (II) modeset(0): Disabling kernel dirty updates, not required.
[  3936.414] (II) modeset(0): EDID vendor "DEL", prod id 41117
[  3936.414] (II) modeset(0): Using hsync ranges from config file
[  3936.414] (II) modeset(0): Using vrefresh ranges from config file
[  3936.414] (II) modeset(0): Printing DDC gathered Modelines:
[  3936.414] (II) modeset(0): Modeline "1920x1080"x0.0  148.50  1920 2008 2052 2200  1080 1084 1089 1125 +hsync +vsync (67.5 kHz eP)
[  3936.414] (II) modeset(0): Modeline "800x600"x0.0   40.00  800 840 968 1056  600 601 605 628 +hsync +vsync (37.9 kHz e)
[  3936.414] (II) modeset(0): Modeline "640x480"x0.0   31.50  640 656 720 840  480 481 484 500 -hsync -vsync (37.5 kHz e)
[  3936.414] (II) modeset(0): Modeline "640x480"x0.0   25.18  640 656 752 800  480 490 492 525 -hsync -vsync (31.5 kHz e)
[  3936.414] (II) modeset(0): Modeline "720x400"x0.0   28.32  720 738 846 900  400 412 414 449 -hsync +vsync (31.5 kHz e)
[  3936.414] (II) modeset(0): Modeline "1280x1024"x0.0  135.00  1280 1296 1440 1688  1024 1025 1028 1066 +hsync +vsync (80.0 kHz e)
[  3936.414] (II) modeset(0): Modeline "1024x768"x0.0   78.75  1024 1040 1136 1312  768 769 772 800 +hsync +vsync (60.0 kHz e)
[  3936.414] (II) modeset(0): Modeline "1024x768"x0.0   65.00  1024 1048 1184 1344  768 771 777 806 -hsync -vsync (48.4 kHz e)
[  3936.414] (II) modeset(0): Modeline "800x600"x0.0   49.50  800 816 896 1056  600 601 604 625 +hsync +vsync (46.9 kHz e)
[  3936.414] (II) modeset(0): Modeline "1152x864"x0.0  108.00  1152 1216 1344 1600  864 865 868 900 +hsync +vsync (67.5 kHz e)
[  3936.414] (II) modeset(0): Modeline "1280x1024"x0.0  108.00  1280 1328 1440 1688  1024 1025 1028 1066 +hsync +vsync (64.0 kHz e)
[  3936.414] (II) modeset(0): Modeline "1600x900"x60.0  119.00  1600 1696 1864 2128  900 901 904 932 -hsync +vsync (55.9 kHz e)
[  3936.453] (II) modeset(0): EDID vendor "DEL", prod id 41117
[  3936.453] (II) modeset(0): Using hsync ranges from config file
[  3936.453] (II) modeset(0): Using vrefresh ranges from config file
[  3936.453] (II) modeset(0): Printing DDC gathered Modelines:
[  3936.453] (II) modeset(0): Modeline "1920x1080"x0.0  148.50  1920 2008 2052 2200  1080 1084 1089 1125 +hsync +vsync (67.5 kHz eP)
[  3936.453] (II) modeset(0): Modeline "800x600"x0.0   40.00  800 840 968 1056  600 601 605 628 +hsync +vsync (37.9 kHz e)
[  3936.453] (II) modeset(0): Modeline "640x480"x0.0   31.50  640 656 720 840  480 481 484 500 -hsync -vsync (37.5 kHz e)
[  3936.453] (II) modeset(0): Modeline "640x480"x0.0   25.18  640 656 752 800  480 490 492 525 -hsync -vsync (31.5 kHz e)
[  3936.453] (II) modeset(0): Modeline "720x400"x0.0   28.32  720 738 846 900  400 412 414 449 -hsync +vsync (31.5 kHz e)
[  3936.453] (II) modeset(0): Modeline "1280x1024"x0.0  135.00  1280 1296 1440 1688  1024 1025 1028 1066 +hsync +vsync (80.0 kHz e)
[  3936.453] (II) modeset(0): Modeline "1024x768"x0.0   78.75  1024 1040 1136 1312  768 769 772 800 +hsync +vsync (60.0 kHz e)
[  3936.453] (II) modeset(0): Modeline "1024x768"x0.0   65.00  1024 1048 1184 1344  768 771 777 806 -hsync -vsync (48.4 kHz e)
[  3936.453] (II) modeset(0): Modeline "800x600"x0.0   49.50  800 816 896 1056  600 601 604 625 +hsync +vsync (46.9 kHz e)
[  3936.453] (II) modeset(0): Modeline "1152x864"x0.0  108.00  1152 1216 1344 1600  864 865 868 900 +hsync +vsync (67.5 kHz e)
[  3936.453] (II) modeset(0): Modeline "1280x1024"x0.0  108.00  1280 1328 1440 1688  1024 1025 1028 1066 +hsync +vsync (64.0 kHz e)
[  3936.453] (II) modeset(0): Modeline "1600x900"x60.0  119.00  1600 1696 1864 2128  900 901 904 932 -hsync +vsync (55.9 kHz e)
[  3936.492] (II) modeset(0): EDID vendor "DEL", prod id 41117
[  3936.492] (II) modeset(0): Using hsync ranges from config file
[  3936.492] (II) modeset(0): Using vrefresh ranges from config file
[  3936.492] (II) modeset(0): Printing DDC gathered Modelines:
[  3936.492] (II) modeset(0): Modeline "1920x1080"x0.0  148.50  1920 2008 2052 2200  1080 1084 1089 1125 +hsync +vsync (67.5 kHz eP)
[  3936.492] (II) modeset(0): Modeline "800x600"x0.0   40.00  800 840 968 1056  600 601 605 628 +hsync +vsync (37.9 kHz e)
[  3936.492] (II) modeset(0): Modeline "640x480"x0.0   31.50  640 656 720 840  480 481 484 500 -hsync -vsync (37.5 kHz e)
[  3936.492] (II) modeset(0): Modeline "640x480"x0.0   25.18  640 656 752 800  480 490 492 525 -hsync -vsync (31.5 kHz e)
[  3936.492] (II) modeset(0): Modeline "720x400"x0.0   28.32  720 738 846 900  400 412 414 449 -hsync +vsync (31.5 kHz e)
[  3936.492] (II) modeset(0): Modeline "1280x1024"x0.0  135.00  1280 1296 1440 1688  1024 1025 1028 1066 +hsync +vsync (80.0 kHz e)
[  3936.492] (II) modeset(0): Modeline "1024x768"x0.0   78.75  1024 1040 1136 1312  768 769 772 800 +hsync +vsync (60.0 kHz e)
[  3936.492] (II) modeset(0): Modeline "1024x768"x0.0   65.00  1024 1048 1184 1344  768 771 777 806 -hsync -vsync (48.4 kHz e)
[  3936.492] (II) modeset(0): Modeline "800x600"x0.0   49.50  800 816 896 1056  600 601 604 625 +hsync +vsync (46.9 kHz e)
[  3936.492] (II) modeset(0): Modeline "1152x864"x0.0  108.00  1152 1216 1344 1600  864 865 868 900 +hsync +vsync (67.5 kHz e)
[  3936.492] (II) modeset(0): Modeline "1280x1024"x0.0  108.00  1280 1328 1440 1688  1024 1025 1028 1066 +hsync +vsync (64.0 kHz e)
[  3936.492] (II) modeset(0): Modeline "1600x900"x60.0  119.00  1600 1696 1864 2128  900 901 904 932 -hsync +vsync (55.9 kHz e)
[  3937.163] (II) modeset(0): EDID vendor "DEL", prod id 41117
[  3937.163] (II) modeset(0): Using hsync ranges from config file
[  3937.163] (II) modeset(0): Using vrefresh ranges from config file
[  3937.163] (II) modeset(0): Printing DDC gathered Modelines:
[  3937.163] (II) modeset(0): Modeline "1920x1080"x0.0  148.50  1920 2008 2052 2200  1080 1084 1089 1125 +hsync +vsync (67.5 kHz eP)
[  3937.163] (II) modeset(0): Modeline "800x600"x0.0   40.00  800 840 968 1056  600 601 605 628 +hsync +vsync (37.9 kHz e)
[  3937.163] (II) modeset(0): Modeline "640x480"x0.0   31.50  640 656 720 840  480 481 484 500 -hsync -vsync (37.5 kHz e)
[  3937.163] (II) modeset(0): Modeline "640x480"x0.0   25.18  640 656 752 800  480 490 492 525 -hsync -vsync (31.5 kHz e)
[  3937.163] (II) modeset(0): Modeline "720x400"x0.0   28.32  720 738 846 900  400 412 414 449 -hsync +vsync (31.5 kHz e)
[  3937.163] (II) modeset(0): Modeline "1280x1024"x0.0  135.00  1280 1296 1440 1688  1024 1025 1028 1066 +hsync +vsync (80.0 kHz e)
[  3937.163] (II) modeset(0): Modeline "1024x768"x0.0   78.75  1024 1040 1136 1312  768 769 772 800 +hsync +vsync (60.0 kHz e)
[  3937.163] (II) modeset(0): Modeline "1024x768"x0.0   65.00  1024 1048 1184 1344  768 771 777 806 -hsync -vsync (48.4 kHz e)
[  3937.163] (II) modeset(0): Modeline "800x600"x0.0   49.50  800 816 896 1056  600 601 604 625 +hsync +vsync (46.9 kHz e)
[  3937.163] (II) modeset(0): Modeline "1152x864"x0.0  108.00  1152 1216 1344 1600  864 865 868 900 +hsync +vsync (67.5 kHz e)
[  3937.163] (II) modeset(0): Modeline "1280x1024"x0.0  108.00  1280 1328 1440 1688  1024 1025 1028 1066 +hsync +vsync (64.0 kHz e)
[  3937.163] (II) modeset(0): Modeline "1600x900"x60.0  119.00  1600 1696 1864 2128  900 901 904 932 -hsync +vsync (55.9 kHz e)
[  3938.186] (II) modeset(0): EDID vendor "DEL", prod id 41117
[  3938.186] (II) modeset(0): Using hsync ranges from config file
[  3938.186] (II) modeset(0): Using vrefresh ranges from config file
[  3938.186] (II) modeset(0): Printing DDC gathered Modelines:
[  3938.186] (II) modeset(0): Modeline "1920x1080"x0.0  148.50  1920 2008 2052 2200  1080 1084 1089 1125 +hsync +vsync (67.5 kHz eP)
[  3938.186] (II) modeset(0): Modeline "800x600"x0.0   40.00  800 840 968 1056  600 601 605 628 +hsync +vsync (37.9 kHz e)
[  3938.187] (II) modeset(0): Modeline "640x480"x0.0   31.50  640 656 720 840  480 481 484 500 -hsync -vsync (37.5 kHz e)
[  3938.187] (II) modeset(0): Modeline "640x480"x0.0   25.18  640 656 752 800  480 490 492 525 -hsync -vsync (31.5 kHz e)
[  3938.187] (II) modeset(0): Modeline "720x400"x0.0   28.32  720 738 846 900  400 412 414 449 -hsync +vsync (31.5 kHz e)
[  3938.187] (II) modeset(0): Modeline "1280x1024"x0.0  135.00  1280 1296 1440 1688  1024 1025 1028 1066 +hsync +vsync (80.0 kHz e)
[  3938.187] (II) modeset(0): Modeline "1024x768"x0.0   78.75  1024 1040 1136 1312  768 769 772 800 +hsync +vsync (60.0 kHz e)
[  3938.187] (II) modeset(0): Modeline "1024x768"x0.0   65.00  1024 1048 1184 1344  768 771 777 806 -hsync -vsync (48.4 kHz e)
[  3938.187] (II) modeset(0): Modeline "800x600"x0.0   49.50  800 816 896 1056  600 601 604 625 +hsync +vsync (46.9 kHz e)
[  3938.187] (II) modeset(0): Modeline "1152x864"x0.0  108.00  1152 1216 1344 1600  864 865 868 900 +hsync +vsync (67.5 kHz e)
[  3938.187] (II) modeset(0): Modeline "1280x1024"x0.0  108.00  1280 1328 1440 1688  1024 1025 1028 1066 +hsync +vsync (64.0 kHz e)
[  3938.187] (II) modeset(0): Modeline "1600x900"x60.0  119.00  1600 1696 1864 2128  900 901 904 932 -hsync +vsync (55.9 kHz e)
[  4111.095] (EE) client bug: timer event8 debounce short: offset negative (-5ms)
[  4168.717] (EE) client bug: timer event8 debounce short: offset negative (-11ms)
[  4177.988] (EE) client bug: timer event8 debounce short: offset negative (-7ms)
[  4191.690] (EE) client bug: timer event8 debounce: offset negative (-11ms)
[  4191.690] (EE) client bug: timer event8 debounce short: offset negative (-24ms)
